[2020/04/26 12:00:22 MSK] [INFO] (main.main:32) <-------------------- Application version 1.0.0 is starting -------------------->
[2020/04/26 12:00:22 MSK] [INFO] (main.initParams:65) Got URL = "http://localhost"
[2020/04/26 12:00:22 MSK] [INFO] (main.initParams:68) Got PortSend = "8000"
[2020/04/26 12:00:22 MSK] [INFO] (main.initParams:71) Got Cron = "* * * * *"
[2020/04/26 12:00:22 MSK] [INFO] (main.initParams:74) Got CronAddMessage = "* * * * *"
[2020/04/26 12:00:22 MSK] [INFO] (main.initParams:77) Got LocalServerUrl = "localhost"
[2020/04/26 12:00:22 MSK] [INFO] (main.initParams:80) Got LocalServerPort = "8000"
[2020/04/26 12:00:22 MSK] [INFO] (notificator/notificator/database.initDbParams:29) Got parameters to init connection to database:
host=127.0.0.1; port=5432; database=work; user=nefremov; password=Aa174683Aa
[2020/04/26 12:00:22 MSK] [INFO] (notificator/notificator/database.InitDb:18) Successfully initialized connection to database
[2020/04/26 12:00:22 MSK] [INFO] (main.initCron:87) Added DoJob job
[2020/04/26 12:00:22 MSK] [INFO] (main.initCron:92) Added AddMessage job
[2020/04/26 12:00:22 MSK] [INFO] (main.initCron:96) Created cron jobs
[2020/04/26 12:00:22 MSK] [INFO] (main.main:41) <-------------------- Application started -------------------->
[2020/04/26 12:01:00 MSK] [INFO] (notificator/notificator/job.AddMessage:13) Trying to insert new message
[2020/04/26 12:01:00 MSK] [INFO] (notificator/notificator/database.SelectMessages:35) Start searching for notification messages
[2020/04/26 12:01:00 MSK] [EROR] (notificator/notificator/database.InsertMessage:77) Error while inserting new message: conn busy

[2020/04/26 12:01:00 MSK] [INFO] (notificator/notificator/database.SelectMessages:52) Found 10 messages that need notification: map[C0wz9JfLRlXKpfp:w4SrlRJCiYQZ6Q2QTQevpoK4wd8n0C RpywVIoZQ5wmF4s:PPYOXsgKsDNvwLE7iMTaRwIyJfU2WU aKjRfoy0Ubq8l8B:Q7rJz7otpQkaXJ6r3XmrXAOkxRWamB dKJ2GRbt0f3Fbot:CjUF6QII1tmcscHoydKmL75wrgMhoM nmxaFX9GnOlmgUp:RvsO4rzUessfegfbTUm23B1Z8UZPTb rfsijAbJ0mwaszN:n6ZhoWbzrPkjCzXhpNOSBpThjrYN9g saEDnZN6MZYsjVk:C82680an7nmBnR13Fp70UX2A4mxOcC sjYRJu0mZmAzLx0:1jys49soopQzZ5WcpuRTx9ZhkzFiml uRpEncY0CGaJ5at:6yUdI2Hj8ahoC4i2W3DVOMmnoePgCx xcVIOkA1Give3Mf:gJf23nfeyOiUf0Yjg1DSfWSpWfWjk1]

[2020/04/26 12:01:00 MSK] [INFO] (notificator/notificator/job.DoJob:20) Trying to send 10 notifications
[2020/04/26 12:01:00 MSK] [INFO] (notificator/notificator/job.sendNotificationAndChangeStatus:33) Trying to send message to address=http://localhost:8000
[2020/04/26 12:01:00 MSK] [INFO] (notificator/notificator/database.ChangeStatusSent:59) Going to set sent=true to rquid = uRpEncY0CGaJ5at
[2020/04/26 12:01:00 MSK] [INFO] (notificator/notificator/database.ChangeStatusSent:66) Successfuly set 'sent'=true for rquid=uRpEncY0CGaJ5at
[2020/04/26 12:01:00 MSK] [INFO] (notificator/notificator/job.changeStatus:48) Successfuly sent notification rquid=uRpEncY0CGaJ5at
[2020/04/26 12:01:00 MSK] [INFO] (notificator/notificator/job.sendNotificationAndChangeStatus:33) Trying to send message to address=http://localhost:8000
[2020/04/26 12:01:00 MSK] [INFO] (notificator/notificator/database.ChangeStatusSent:59) Going to set sent=true to rquid = sjYRJu0mZmAzLx0
[2020/04/26 12:01:00 MSK] [INFO] (notificator/notificator/database.ChangeStatusSent:66) Successfuly set 'sent'=true for rquid=sjYRJu0mZmAzLx0
[2020/04/26 12:01:00 MSK] [INFO] (notificator/notificator/job.changeStatus:48) Successfuly sent notification rquid=sjYRJu0mZmAzLx0
[2020/04/26 12:01:00 MSK] [INFO] (notificator/notificator/job.sendNotificationAndChangeStatus:33) Trying to send message to address=http://localhost:8000
[2020/04/26 12:01:00 MSK] [INFO] (notificator/notificator/database.ChangeStatusSent:59) Going to set sent=true to rquid = nmxaFX9GnOlmgUp
[2020/04/26 12:01:00 MSK] [INFO] (notificator/notificator/database.ChangeStatusSent:66) Successfuly set 'sent'=true for rquid=nmxaFX9GnOlmgUp
[2020/04/26 12:01:00 MSK] [INFO] (notificator/notificator/job.changeStatus:48) Successfuly sent notification rquid=nmxaFX9GnOlmgUp
[2020/04/26 12:01:00 MSK] [INFO] (notificator/notificator/job.sendNotificationAndChangeStatus:33) Trying to send message to address=http://localhost:8000
[2020/04/26 12:01:00 MSK] [INFO] (notificator/notificator/database.ChangeStatusSent:59) Going to set sent=true to rquid = C0wz9JfLRlXKpfp
[2020/04/26 12:01:00 MSK] [INFO] (notificator/notificator/database.ChangeStatusSent:66) Successfuly set 'sent'=true for rquid=C0wz9JfLRlXKpfp
[2020/04/26 12:01:00 MSK] [INFO] (notificator/notificator/job.changeStatus:48) Successfuly sent notification rquid=C0wz9JfLRlXKpfp
[2020/04/26 12:01:00 MSK] [INFO] (notificator/notificator/job.sendNotificationAndChangeStatus:33) Trying to send message to address=http://localhost:8000
[2020/04/26 12:01:00 MSK] [INFO] (notificator/notificator/database.ChangeStatusSent:59) Going to set sent=true to rquid = xcVIOkA1Give3Mf
[2020/04/26 12:01:00 MSK] [INFO] (notificator/notificator/database.ChangeStatusSent:66) Successfuly set 'sent'=true for rquid=xcVIOkA1Give3Mf
[2020/04/26 12:01:00 MSK] [INFO] (notificator/notificator/job.changeStatus:48) Successfuly sent notification rquid=xcVIOkA1Give3Mf
[2020/04/26 12:01:00 MSK] [INFO] (notificator/notificator/job.sendNotificationAndChangeStatus:33) Trying to send message to address=http://localhost:8000
[2020/04/26 12:01:00 MSK] [INFO] (notificator/notificator/database.ChangeStatusSent:59) Going to set sent=true to rquid = aKjRfoy0Ubq8l8B
[2020/04/26 12:01:00 MSK] [INFO] (notificator/notificator/database.ChangeStatusSent:66) Successfuly set 'sent'=true for rquid=aKjRfoy0Ubq8l8B
[2020/04/26 12:01:00 MSK] [INFO] (notificator/notificator/job.changeStatus:48) Successfuly sent notification rquid=aKjRfoy0Ubq8l8B
[2020/04/26 12:01:00 MSK] [INFO] (notificator/notificator/job.sendNotificationAndChangeStatus:33) Trying to send message to address=http://localhost:8000
[2020/04/26 12:01:00 MSK] [INFO] (notificator/notificator/database.ChangeStatusSent:59) Going to set sent=true to rquid = rfsijAbJ0mwaszN
[2020/04/26 12:01:00 MSK] [INFO] (notificator/notificator/database.ChangeStatusSent:66) Successfuly set 'sent'=true for rquid=rfsijAbJ0mwaszN
[2020/04/26 12:01:00 MSK] [INFO] (notificator/notificator/job.changeStatus:48) Successfuly sent notification rquid=rfsijAbJ0mwaszN
[2020/04/26 12:01:00 MSK] [INFO] (notificator/notificator/job.sendNotificationAndChangeStatus:33) Trying to send message to address=http://localhost:8000
[2020/04/26 12:01:00 MSK] [INFO] (notificator/notificator/database.ChangeStatusSent:59) Going to set sent=true to rquid = dKJ2GRbt0f3Fbot
[2020/04/26 12:01:00 MSK] [INFO] (notificator/notificator/database.ChangeStatusSent:66) Successfuly set 'sent'=true for rquid=dKJ2GRbt0f3Fbot
[2020/04/26 12:01:00 MSK] [INFO] (notificator/notificator/job.changeStatus:48) Successfuly sent notification rquid=dKJ2GRbt0f3Fbot
[2020/04/26 12:01:00 MSK] [INFO] (notificator/notificator/job.sendNotificationAndChangeStatus:33) Trying to send message to address=http://localhost:8000
[2020/04/26 12:01:00 MSK] [INFO] (notificator/notificator/database.ChangeStatusSent:59) Going to set sent=true to rquid = saEDnZN6MZYsjVk
[2020/04/26 12:01:00 MSK] [INFO] (notificator/notificator/database.ChangeStatusSent:66) Successfuly set 'sent'=true for rquid=saEDnZN6MZYsjVk
[2020/04/26 12:01:00 MSK] [INFO] (notificator/notificator/job.changeStatus:48) Successfuly sent notification rquid=saEDnZN6MZYsjVk
[2020/04/26 12:01:00 MSK] [INFO] (notificator/notificator/job.sendNotificationAndChangeStatus:33) Trying to send message to address=http://localhost:8000
[2020/04/26 12:01:00 MSK] [INFO] (notificator/notificator/database.ChangeStatusSent:59) Going to set sent=true to rquid = RpywVIoZQ5wmF4s
[2020/04/26 12:01:00 MSK] [INFO] (notificator/notificator/database.ChangeStatusSent:66) Successfuly set 'sent'=true for rquid=RpywVIoZQ5wmF4s
[2020/04/26 12:01:00 MSK] [INFO] (notificator/notificator/job.changeStatus:48) Successfuly sent notification rquid=RpywVIoZQ5wmF4s
[2020/04/26 12:01:00 MSK] [INFO] (notificator/notificator/job.DoJob:25) Sent and changed status for 10 notifications, see ya
