[2020/04/26 12:00:22 MSK] [INFO] (notificator/notificator/server.InitServer:17) <----- Starting server ----->
[2020/04/26 12:01:00 MSK] [INFO] (notificator/notificator/server.handler:25) Received message
[2020/04/26 12:01:00 MSK] [INFO] (notificator/notificator/server.handler:31) Received body:
rquid=uRpEncY0CGaJ5at
message=6yUdI2Hj8ahoC4i2W3DVOMmnoePgCx
[2020/04/26 12:01:00 MSK] [INFO] (notificator/notificator/server.handler:25) Received message
[2020/04/26 12:01:00 MSK] [INFO] (notificator/notificator/server.handler:31) Received body:
rquid=sjYRJu0mZmAzLx0
message=1jys49soopQzZ5WcpuRTx9ZhkzFiml
[2020/04/26 12:01:00 MSK] [INFO] (notificator/notificator/server.handler:25) Received message
[2020/04/26 12:01:00 MSK] [INFO] (notificator/notificator/server.handler:31) Received body:
rquid=nmxaFX9GnOlmgUp
message=RvsO4rzUessfegfbTUm23B1Z8UZPTb
[2020/04/26 12:01:00 MSK] [INFO] (notificator/notificator/server.handler:25) Received message
[2020/04/26 12:01:00 MSK] [INFO] (notificator/notificator/server.handler:31) Received body:
rquid=C0wz9JfLRlXKpfp
message=w4SrlRJCiYQZ6Q2QTQevpoK4wd8n0C
[2020/04/26 12:01:00 MSK] [INFO] (notificator/notificator/server.handler:25) Received message
[2020/04/26 12:01:00 MSK] [INFO] (notificator/notificator/server.handler:31) Received body:
rquid=xcVIOkA1Give3Mf
message=gJf23nfeyOiUf0Yjg1DSfWSpWfWjk1
[2020/04/26 12:01:00 MSK] [INFO] (notificator/notificator/server.handler:25) Received message
[2020/04/26 12:01:00 MSK] [INFO] (notificator/notificator/server.handler:31) Received body:
rquid=aKjRfoy0Ubq8l8B
message=Q7rJz7otpQkaXJ6r3XmrXAOkxRWamB
[2020/04/26 12:01:00 MSK] [INFO] (notificator/notificator/server.handler:25) Received message
[2020/04/26 12:01:00 MSK] [INFO] (notificator/notificator/server.handler:31) Received body:
rquid=rfsijAbJ0mwaszN
message=n6ZhoWbzrPkjCzXhpNOSBpThjrYN9g
[2020/04/26 12:01:00 MSK] [INFO] (notificator/notificator/server.handler:25) Received message
[2020/04/26 12:01:00 MSK] [INFO] (notificator/notificator/server.handler:31) Received body:
rquid=dKJ2GRbt0f3Fbot
message=CjUF6QII1tmcscHoydKmL75wrgMhoM
[2020/04/26 12:01:00 MSK] [INFO] (notificator/notificator/server.handler:25) Received message
[2020/04/26 12:01:00 MSK] [INFO] (notificator/notificator/server.handler:31) Received body:
rquid=saEDnZN6MZYsjVk
message=C82680an7nmBnR13Fp70UX2A4mxOcC
[2020/04/26 12:01:00 MSK] [INFO] (notificator/notificator/server.handler:25) Received message
[2020/04/26 12:01:00 MSK] [INFO] (notificator/notificator/server.handler:31) Received body:
rquid=RpywVIoZQ5wmF4s
message=PPYOXsgKsDNvwLE7iMTaRwIyJfU2WU
